Flow report for CubeSat
Sun Apr 23 16:18:09 2023
Quartus II 32-bit Version 13.0.1 Build 232 06/12/2013 Service Pack 1 SJ Web Edition


---------------------
; Table of Contents ;
---------------------
  1. Legal Notice
  2. Flow Summary
  3. Flow Settings
  4. Flow Non-Default Global Settings
  5. Flow Elapsed Time
  6. Flow OS Summary
  7. Flow Log
  8. Flow Messages
  9. Flow Suppressed Messages



----------------
; Legal Notice ;
----------------
Copyright (C) 1991-2013 Altera Corporation
Your use of Altera Corporation's design tools, logic functions 
and other software and tools, and its AMPP partner logic 
functions, and any output files from any of the foregoing 
(including device programming or simulation files), and any 
associated documentation or information are expressly subject 
to the terms and conditions of the Altera Program License 
Subscription Agreement, Altera MegaCore Function License 
Agreement, or other applicable license agreement, including, 
without limitation, that your use is for the sole purpose of 
programming logic devices manufactured by Altera and sold by 
Altera or its authorized distributors.  Please refer to the 
applicable agreement for further details.



+--------------------------------------------------------------------------------------+
; Flow Summary                                                                         ;
+------------------------------------+-------------------------------------------------+
; Flow Status                        ; Successful - Sun Apr 23 16:18:09 2023           ;
; Quartus II 32-bit Version          ; 13.0.1 Build 232 06/12/2013 SP 1 SJ Web Edition ;
; Revision Name                      ; CubeSat                                         ;
; Top-level Entity Name              ; accelerometer                                   ;
; Family                             ; Cyclone II                                      ;
; Total logic elements               ; 205 / 4,608 ( 4 % )                             ;
;     Total combinational functions  ; 191 / 4,608 ( 4 % )                             ;
;     Dedicated logic registers      ; 110 / 4,608 ( 2 % )                             ;
; Total registers                    ; 110                                             ;
; Total pins                         ; 21 / 89 ( 24 % )                                ;
; Total virtual pins                 ; 0                                               ;
; Total memory bits                  ; 0 / 119,808 ( 0 % )                             ;
; Embedded Multiplier 9-bit elements ; 0 / 26 ( 0 % )                                  ;
; Total PLLs                         ; 0 / 2 ( 0 % )                                   ;
; Device                             ; EP2C5T144C6                                     ;
; Timing Models                      ; Final                                           ;
+------------------------------------+-------------------------------------------------+


+-----------------------------------------+
; Flow Settings                           ;
+-------------------+---------------------+
; Option            ; Setting             ;
+-------------------+---------------------+
; Start date & time ; 04/23/2023 16:16:31 ;
; Main task         ; Compilation         ;
; Revision Name     ; CubeSat             ;
+-------------------+---------------------+


+---------------------------------------------------------------------------------------------------------------------------------------------------------------------------------------+
; Flow Non-Default Global Settings                                                                                                                                                      ;
+-------------------------------------+------------------------------------------------------------------------------------------+---------------+---------------+----------------------+
; Assignment Name                     ; Value                                                                                    ; Default Value ; Entity Name   ; Section Id           ;
+-------------------------------------+------------------------------------------------------------------------------------------+---------------+---------------+----------------------+
; COMPILER_SIGNATURE_ID               ; 929349120837.168225939111300                                                             ; --            ; --            ; --                   ;
; EDA_DESIGN_ENTRY_SYNTHESIS_TOOL     ; Design Compiler                                                                          ; <None>        ; --            ; --                   ;
; EDA_GENERATE_FUNCTIONAL_NETLIST     ; On                                                                                       ; --            ; --            ; eda_simulation       ;
; EDA_INPUT_DATA_FORMAT               ; Edif                                                                                     ; --            ; --            ; eda_design_synthesis ;
; EDA_INPUT_VCC_NAME                  ; Vdd                                                                                      ; --            ; --            ; eda_design_synthesis ;
; EDA_LMF_FILE                        ; altsyn.lmf                                                                               ; --            ; --            ; eda_design_synthesis ;
; EDA_OUTPUT_DATA_FORMAT              ; Verilog Hdl                                                                              ; --            ; --            ; eda_simulation       ;
; EDA_SIMULATION_TOOL                 ; ModelSim-Altera (Verilog)                                                                ; <None>        ; --            ; --                   ;
; EDA_TIME_SCALE                      ; 1 ps                                                                                     ; --            ; --            ; eda_simulation       ;
; MAX_CORE_JUNCTION_TEMP              ; 85                                                                                       ; --            ; --            ; --                   ;
; MIN_CORE_JUNCTION_TEMP              ; 0                                                                                        ; --            ; --            ; --                   ;
; PARTITION_COLOR                     ; 16764057                                                                                 ; --            ; accelerometer ; Top                  ;
; PARTITION_FITTER_PRESERVATION_LEVEL ; PLACEMENT_AND_ROUTING                                                                    ; --            ; accelerometer ; Top                  ;
; PARTITION_NETLIST_TYPE              ; SOURCE                                                                                   ; --            ; accelerometer ; Top                  ;
; PROJECT_OUTPUT_DIRECTORY            ; output_files                                                                             ; --            ; --            ; --                   ;
; SEARCH_PATH                         ; c:\users\jaysb\desktop\mes projets\projets cesi\cesi cours vhdl\cubesat\sources\packages ; --            ; --            ; --                   ;
; TOP_LEVEL_ENTITY                    ; accelerometer                                                                            ; CubeSat       ; --            ; --                   ;
+-------------------------------------+------------------------------------------------------------------------------------------+---------------+---------------+----------------------+


+-------------------------------------------------------------------------------------------------------------------------------+
; Flow Elapsed Time                                                                                                             ;
+---------------------------+--------------+-------------------------+---------------------+------------------------------------+
; Module Name               ; Elapsed Time ; Average Processors Used ; Peak Virtual Memory ; Total CPU Time (on all processors) ;
+---------------------------+--------------+-------------------------+---------------------+------------------------------------+
; Analysis & Synthesis      ; 00:00:01     ; 1.0                     ; 391 MB              ; 00:00:02                           ;
; Fitter                    ; 00:00:03     ; 1.0                     ; 435 MB              ; 00:00:03                           ;
; Assembler                 ; 00:00:01     ; 1.0                     ; 348 MB              ; 00:00:01                           ;
; TimeQuest Timing Analyzer ; 00:00:01     ; 1.0                     ; 319 MB              ; 00:00:01                           ;
; EDA Netlist Writer        ; 00:00:01     ; 1.0                     ; 310 MB              ; 00:00:00                           ;
; EDA Netlist Writer        ; 00:00:00     ; 1.0                     ; 327 MB              ; 00:00:01                           ;
; EDA Netlist Writer        ; 00:00:01     ; 1.0                     ; 329 MB              ; 00:00:01                           ;
; Total                     ; 00:00:08     ; --                      ; --                  ; 00:00:09                           ;
+---------------------------+--------------+-------------------------+---------------------+------------------------------------+


+----------------------------------------------------------------------------------------+
; Flow OS Summary                                                                        ;
+---------------------------+------------------+-----------+------------+----------------+
; Module Name               ; Machine Hostname ; OS Name   ; OS Version ; Processor type ;
+---------------------------+------------------+-----------+------------+----------------+
; Analysis & Synthesis      ; DESKTOP-8MTF89R  ; Windows 7 ; 6.2        ; x86_64         ;
; Fitter                    ; DESKTOP-8MTF89R  ; Windows 7 ; 6.2        ; x86_64         ;
; Assembler                 ; DESKTOP-8MTF89R  ; Windows 7 ; 6.2        ; x86_64         ;
; TimeQuest Timing Analyzer ; DESKTOP-8MTF89R  ; Windows 7 ; 6.2        ; x86_64         ;
; EDA Netlist Writer        ; DESKTOP-8MTF89R  ; Windows 7 ; 6.2        ; x86_64         ;
; EDA Netlist Writer        ; DESKTOP-8MTF89R  ; Windows 7 ; 6.2        ; x86_64         ;
; EDA Netlist Writer        ; DESKTOP-8MTF89R  ; Windows 7 ; 6.2        ; x86_64         ;
+---------------------------+------------------+-----------+------------+----------------+


------------
; Flow Log ;
------------
quartus_map --read_settings_files=on --write_settings_files=off CubeSat -c CubeSat
quartus_fit --read_settings_files=off --write_settings_files=off CubeSat -c CubeSat
quartus_asm --read_settings_files=off --write_settings_files=off CubeSat -c CubeSat
quartus_sta CubeSat -c CubeSat
quartus_eda --read_settings_files=off --write_settings_files=off CubeSat -c CubeSat
quartus_eda --gen_testbench --check_outputs=on --tool=modelsim_oem --format=verilog CubeSat -c CubeSat --vector_source=C:/Users/jaysb/Desktop/Projets/CESI/Cours/CubeSat/sources/simulations/accelerometer_tb.vwf --testbench_file=./simulation/qsim/CubeSat.vt
quartus_eda --functional=on --simulation=on --tool=modelsim_oem --format=verilog CubeSat -c CubeSat



