Analysis & Synthesis report for CubeSat
Sun Apr 23 19:53:02 2023
Quartus II 32-bit Version 13.0.1 Build 232 06/12/2013 Service Pack 1 SJ Web Edition


---------------------
; Table of Contents ;
---------------------
  1. Legal Notice
  2. Analysis & Synthesis Summary
  3. Analysis & Synthesis Settings
  4. Parallel Compilation
  5. Analysis & Synthesis Source Files Read
  6. Analysis & Synthesis Resource Usage Summary
  7. Analysis & Synthesis Resource Utilization by Entity
  8. State Machine - |accelerometer|current_state
  9. State Machine - |accelerometer|i2c_master:i2c_master_inst|state
 10. Registers Removed During Synthesis
 11. Removed Registers Triggering Further Register Optimizations
 12. General Register Statistics
 13. Inverted Register Statistics
 14. Multiplexer Restructuring Statistics (Restructuring Performed)
 15. Parameter Settings for User Entity Instance: i2c_master:i2c_master_inst
 16. Port Connectivity Checks: "i2c_master:i2c_master_inst"
 17. Elapsed Time Per Partition
 18. Analysis & Synthesis Messages



----------------
; Legal Notice ;
----------------
Copyright (C) 1991-2013 Altera Corporation
Your use of Altera Corporation's design tools, logic functions 
and other software and tools, and its AMPP partner logic 
functions, and any output files from any of the foregoing 
(including device programming or simulation files), and any 
associated documentation or information are expressly subject 
to the terms and conditions of the Altera Program License 
Subscription Agreement, Altera MegaCore Function License 
Agreement, or other applicable license agreement, including, 
without limitation, that your use is for the sole purpose of 
programming logic devices manufactured by Altera and sold by 
Altera or its authorized distributors.  Please refer to the 
applicable agreement for further details.



+--------------------------------------------------------------------------------------+
; Analysis & Synthesis Summary                                                         ;
+------------------------------------+-------------------------------------------------+
; Analysis & Synthesis Status        ; Successful - Sun Apr 23 19:53:02 2023           ;
; Quartus II 32-bit Version          ; 13.0.1 Build 232 06/12/2013 SP 1 SJ Web Edition ;
; Revision Name                      ; CubeSat                                         ;
; Top-level Entity Name              ; accelerometer                                   ;
; Family                             ; Cyclone II                                      ;
; Total logic elements               ; 131                                             ;
;     Total combinational functions  ; 128                                             ;
;     Dedicated logic registers      ; 64                                              ;
; Total registers                    ; 64                                              ;
; Total pins                         ; 21                                              ;
; Total virtual pins                 ; 0                                               ;
; Total memory bits                  ; 0                                               ;
; Embedded Multiplier 9-bit elements ; 0                                               ;
; Total PLLs                         ; 0                                               ;
+------------------------------------+-------------------------------------------------+


+----------------------------------------------------------------------------------------------------------------------+
; Analysis & Synthesis Settings                                                                                        ;
+----------------------------------------------------------------------------+--------------------+--------------------+
; Option                                                                     ; Setting            ; Default Value      ;
+----------------------------------------------------------------------------+--------------------+--------------------+
; Top-level entity name                                                      ; accelerometer      ; CubeSat            ;
; Family name                                                                ; Cyclone II         ; Cyclone V          ;
; Type of Retiming Performed During Resynthesis                              ; Full               ;                    ;
; Resynthesis Optimization Effort                                            ; Normal             ;                    ;
; Physical Synthesis Level for Resynthesis                                   ; Normal             ;                    ;
; Use Generated Physical Constraints File                                    ; On                 ;                    ;
; Use smart compilation                                                      ; Off                ; Off                ;
; Enable parallel Assembler and TimeQuest Timing Analyzer during compilation ; On                 ; On                 ;
; Enable compact report table                                                ; Off                ; Off                ;
; Restructure Multiplexers                                                   ; Auto               ; Auto               ;
; Create Debugging Nodes for IP Cores                                        ; Off                ; Off                ;
; Preserve fewer node names                                                  ; On                 ; On                 ;
; Disable OpenCore Plus hardware evaluation                                  ; Off                ; Off                ;
; Verilog Version                                                            ; Verilog_2001       ; Verilog_2001       ;
; VHDL Version                                                               ; VHDL_1993          ; VHDL_1993          ;
; State Machine Processing                                                   ; Auto               ; Auto               ;
; Safe State Machine                                                         ; Off                ; Off                ;
; Extract Verilog State Machines                                             ; On                 ; On                 ;
; Extract VHDL State Machines                                                ; On                 ; On                 ;
; Ignore Verilog initial constructs                                          ; Off                ; Off                ;
; Iteration limit for constant Verilog loops                                 ; 5000               ; 5000               ;
; Iteration limit for non-constant Verilog loops                             ; 250                ; 250                ;
; Add Pass-Through Logic to Inferred RAMs                                    ; On                 ; On                 ;
; Infer RAMs from Raw Logic                                                  ; On                 ; On                 ;
; Parallel Synthesis                                                         ; On                 ; On                 ;
; DSP Block Balancing                                                        ; Auto               ; Auto               ;
; NOT Gate Push-Back                                                         ; On                 ; On                 ;
; Power-Up Don't Care                                                        ; On                 ; On                 ;
; Remove Redundant Logic Cells                                               ; Off                ; Off                ;
; Remove Duplicate Registers                                                 ; On                 ; On                 ;
; Ignore CARRY Buffers                                                       ; Off                ; Off                ;
; Ignore CASCADE Buffers                                                     ; Off                ; Off                ;
; Ignore GLOBAL Buffers                                                      ; Off                ; Off                ;
; Ignore ROW GLOBAL Buffers                                                  ; Off                ; Off                ;
; Ignore LCELL Buffers                                                       ; Off                ; Off                ;
; Ignore SOFT Buffers                                                        ; On                 ; On                 ;
; Limit AHDL Integers to 32 Bits                                             ; Off                ; Off                ;
; Optimization Technique                                                     ; Balanced           ; Balanced           ;
; Carry Chain Length                                                         ; 70                 ; 70                 ;
; Auto Carry Chains                                                          ; On                 ; On                 ;
; Auto Open-Drain Pins                                                       ; On                 ; On                 ;
; Perform WYSIWYG Primitive Resynthesis                                      ; Off                ; Off                ;
; Auto ROM Replacement                                                       ; On                 ; On                 ;
; Auto RAM Replacement                                                       ; On                 ; On                 ;
; Auto Shift Register Replacement                                            ; Auto               ; Auto               ;
; Allow Shift Register Merging across Hierarchies                            ; Auto               ; Auto               ;
; Auto Clock Enable Replacement                                              ; On                 ; On                 ;
; Strict RAM Replacement                                                     ; Off                ; Off                ;
; Allow Synchronous Control Signals                                          ; On                 ; On                 ;
; Force Use of Synchronous Clear Signals                                     ; Off                ; Off                ;
; Auto RAM to Logic Cell Conversion                                          ; Off                ; Off                ;
; Auto Resource Sharing                                                      ; Off                ; Off                ;
; Allow Any RAM Size For Recognition                                         ; Off                ; Off                ;
; Allow Any ROM Size For Recognition                                         ; Off                ; Off                ;
; Allow Any Shift Register Size For Recognition                              ; Off                ; Off                ;
; Use LogicLock Constraints during Resource Balancing                        ; On                 ; On                 ;
; Ignore translate_off and synthesis_off directives                          ; Off                ; Off                ;
; Timing-Driven Synthesis                                                    ; Off                ; Off                ;
; Report Parameter Settings                                                  ; On                 ; On                 ;
; Report Source Assignments                                                  ; On                 ; On                 ;
; Report Connectivity Checks                                                 ; On                 ; On                 ;
; Ignore Maximum Fan-Out Assignments                                         ; Off                ; Off                ;
; Synchronization Register Chain Length                                      ; 2                  ; 2                  ;
; PowerPlay Power Optimization                                               ; Normal compilation ; Normal compilation ;
; HDL message level                                                          ; Level2             ; Level2             ;
; Suppress Register Optimization Related Messages                            ; Off                ; Off                ;
; Number of Removed Registers Reported in Synthesis Report                   ; 5000               ; 5000               ;
; Number of Swept Nodes Reported in Synthesis Report                         ; 5000               ; 5000               ;
; Number of Inverted Registers Reported in Synthesis Report                  ; 100                ; 100                ;
; Clock MUX Protection                                                       ; On                 ; On                 ;
; Auto Gated Clock Conversion                                                ; Off                ; Off                ;
; Block Design Naming                                                        ; Auto               ; Auto               ;
; SDC constraint protection                                                  ; Off                ; Off                ;
; Synthesis Effort                                                           ; Auto               ; Auto               ;
; Shift Register Replacement - Allow Asynchronous Clear Signal               ; On                 ; On                 ;
; Pre-Mapping Resynthesis Optimization                                       ; Off                ; Off                ;
; Analysis & Synthesis Message Level                                         ; Medium             ; Medium             ;
; Disable Register Merging Across Hierarchies                                ; Auto               ; Auto               ;
; Resource Aware Inference For Block RAM                                     ; On                 ; On                 ;
; Synthesis Seed                                                             ; 1                  ; 1                  ;
+----------------------------------------------------------------------------+--------------------+--------------------+


Parallel compilation was disabled, but you have multiple processors available. Enable parallel compilation to reduce compilation time.
+-------------------------------------+
; Parallel Compilation                ;
+----------------------------+--------+
; Processors                 ; Number ;
+----------------------------+--------+
; Number detected on machine ; 12     ;
; Maximum allowed            ; 1      ;
+----------------------------+--------+


+----------------------------------------------------------------------------------------------------------------------------------------------------------------------------------------------+
; Analysis & Synthesis Source Files Read                                                                                                                                                       ;
+------------------------------------------------+-----------------+-----------------+-----------------------------------------------------------------------------------------------+---------+
; File Name with User-Entered Path               ; Used in Netlist ; File Type       ; File Name with Absolute Path                                                                  ; Library ;
+------------------------------------------------+-----------------+-----------------+-----------------------------------------------------------------------------------------------+---------+
; ../sources/com_bus/i2c_master.vhd              ; yes             ; User VHDL File  ; C:/Users/jaysb/Desktop/Projets/CESI/Cours/CubeSat/sources/com_bus/i2c_master.vhd              ;         ;
; ../sources/component_drivers/accelerometer.vhd ; yes             ; User VHDL File  ; C:/Users/jaysb/Desktop/Projets/CESI/Cours/CubeSat/sources/component_drivers/accelerometer.vhd ;         ;
+------------------------------------------------+-----------------+-----------------+-----------------------------------------------------------------------------------------------+---------+


+---------------------------------------------------------+
; Analysis & Synthesis Resource Usage Summary             ;
+---------------------------------------------+-----------+
; Resource                                    ; Usage     ;
+---------------------------------------------+-----------+
; Estimated Total logic elements              ; 131       ;
;                                             ;           ;
; Total combinational functions               ; 128       ;
; Logic element usage by number of LUT inputs ;           ;
;     -- 4 input functions                    ; 59        ;
;     -- 3 input functions                    ; 17        ;
;     -- <=2 input functions                  ; 52        ;
;                                             ;           ;
; Logic elements by mode                      ;           ;
;     -- normal mode                          ; 91        ;
;     -- arithmetic mode                      ; 37        ;
;                                             ;           ;
; Total registers                             ; 64        ;
;     -- Dedicated logic registers            ; 64        ;
;     -- I/O registers                        ; 0         ;
;                                             ;           ;
; I/O pins                                    ; 21        ;
; Embedded Multiplier 9-bit elements          ; 0         ;
; Maximum fan-out node                        ; clk_50Mhz ;
; Maximum fan-out                             ; 64        ;
; Total fan-out                               ; 559       ;
; Average fan-out                             ; 2.62      ;
+---------------------------------------------+-----------+


+--------------------------------------------------------------------------------------------------------------------------------------------------------------------------------------------------------+
; Analysis & Synthesis Resource Utilization by Entity                                                                                                                                                    ;
+---------------------------------+-------------------+--------------+-------------+--------------+---------+-----------+------+--------------+-------------------------------------------+--------------+
; Compilation Hierarchy Node      ; LC Combinationals ; LC Registers ; Memory Bits ; DSP Elements ; DSP 9x9 ; DSP 18x18 ; Pins ; Virtual Pins ; Full Hierarchy Name                       ; Library Name ;
+---------------------------------+-------------------+--------------+-------------+--------------+---------+-----------+------+--------------+-------------------------------------------+--------------+
; |accelerometer                  ; 128 (57)          ; 64 (36)      ; 0           ; 0            ; 0       ; 0         ; 21   ; 0            ; |accelerometer                            ; work         ;
;    |i2c_master:i2c_master_inst| ; 71 (71)           ; 28 (28)      ; 0           ; 0            ; 0       ; 0         ; 0    ; 0            ; |accelerometer|i2c_master:i2c_master_inst ; work         ;
+---------------------------------+-------------------+--------------+-------------+--------------+---------+-----------+------+--------------+-------------------------------------------+--------------+
Note: For table entries with two numbers listed, the numbers in parentheses indicate the number of resources of the given type used by the specific entity alone. The numbers listed outside of parentheses indicate the total resources of the given type used by the specific entity and all of its sub-entities in the hierarchy.


Encoding Type:  One-Hot
+--------------------------------------------------------------------------------------------------------------------------------------+
; State Machine - |accelerometer|current_state                                                                                         ;
+-----------------------------+----------------------------+-----------------------------+--------------------+------------------------+
; Name                        ; current_state.get_result_t ; current_state.send_config_t ; current_state.init ; current_state.get_data ;
+-----------------------------+----------------------------+-----------------------------+--------------------+------------------------+
; current_state.get_data      ; 0                          ; 0                           ; 0                  ; 0                      ;
; current_state.init          ; 0                          ; 0                           ; 1                  ; 1                      ;
; current_state.send_config_t ; 0                          ; 1                           ; 0                  ; 1                      ;
; current_state.get_result_t  ; 1                          ; 0                           ; 0                  ; 1                      ;
+-----------------------------+----------------------------+-----------------------------+--------------------+------------------------+


Encoding Type:  One-Hot
+--------------------------------------------------------------------------------------------------------------------------------------------------+
; State Machine - |accelerometer|i2c_master:i2c_master_inst|state                                                                                  ;
+----------------+------------+----------------+----------------+----------+----------+----------------+---------------+-------------+-------------+
; Name           ; state.stop ; state.mstr_ack ; state.slv_ack2 ; state.rd ; state.wr ; state.slv_ack1 ; state.command ; state.start ; state.ready ;
+----------------+------------+----------------+----------------+----------+----------+----------------+---------------+-------------+-------------+
; state.ready    ; 0          ; 0              ; 0              ; 0        ; 0        ; 0              ; 0             ; 0           ; 0           ;
; state.start    ; 0          ; 0              ; 0              ; 0        ; 0        ; 0              ; 0             ; 1           ; 1           ;
; state.command  ; 0          ; 0              ; 0              ; 0        ; 0        ; 0              ; 1             ; 0           ; 1           ;
; state.slv_ack1 ; 0          ; 0              ; 0              ; 0        ; 0        ; 1              ; 0             ; 0           ; 1           ;
; state.wr       ; 0          ; 0              ; 0              ; 0        ; 1        ; 0              ; 0             ; 0           ; 1           ;
; state.rd       ; 0          ; 0              ; 0              ; 1        ; 0        ; 0              ; 0             ; 0           ; 1           ;
; state.slv_ack2 ; 0          ; 0              ; 1              ; 0        ; 0        ; 0              ; 0             ; 0           ; 1           ;
; state.mstr_ack ; 0          ; 1              ; 0              ; 0        ; 0        ; 0              ; 0             ; 0           ; 1           ;
; state.stop     ; 1          ; 0              ; 0              ; 0        ; 0        ; 0              ; 0             ; 0           ; 1           ;
+----------------+------------+----------------+----------------+----------+----------+----------------+---------------+-------------+-------------+


+--------------------------------------------------------------------------------------------------+
; Registers Removed During Synthesis                                                               ;
+----------------------------------------------+---------------------------------------------------+
; Register name                                ; Reason for Removal                                ;
+----------------------------------------------+---------------------------------------------------+
; i2c_addr[6]                                  ; Stuck at GND due to stuck port data_in            ;
; i2c_addr[4,5]                                ; Stuck at VCC due to stuck port data_in            ;
; i2c_addr[3]                                  ; Stuck at GND due to stuck port data_in            ;
; i2c_addr[2]                                  ; Stuck at VCC due to stuck port data_in            ;
; i2c_addr[0,1]                                ; Stuck at GND due to stuck port data_in            ;
; i2c_data_wr[0,1,5..7]                        ; Stuck at GND due to stuck port data_in            ;
; i2c_master:i2c_master_inst|addr_rw[2,4,7]    ; Merged with i2c_master:i2c_master_inst|addr_rw[1] ;
; i2c_master:i2c_master_inst|data_tx[0,1,5..7] ; Merged with i2c_master:i2c_master_inst|addr_rw[1] ;
; i2c_master:i2c_master_inst|addr_rw[5,6]      ; Merged with i2c_master:i2c_master_inst|addr_rw[3] ;
; i2c_master:i2c_master_inst|data_tx[3,4]      ; Merged with i2c_master:i2c_master_inst|data_tx[2] ;
; i2c_data_wr[3,4]                             ; Merged with i2c_data_wr[2]                        ;
; i2c_master:i2c_master_inst|addr_rw[1]        ; Stuck at GND due to stuck port data_in            ;
; i2c_master:i2c_master_inst|addr_rw[3]        ; Stuck at VCC due to stuck port data_in            ;
; current_state.init                           ; Lost fanout                                       ;
; current_state.send_config_t                  ; Lost fanout                                       ;
; current_state.get_result_t                   ; Lost fanout                                       ;
; current_state.get_data                       ; Stuck at GND due to stuck port data_in            ;
; Total Number of Removed Registers = 32       ;                                                   ;
+----------------------------------------------+---------------------------------------------------+


+------------------------------------------------------------------------------------+
; Removed Registers Triggering Further Register Optimizations                        ;
+---------------+---------------------------+----------------------------------------+
; Register name ; Reason for Removal        ; Registers Removed due to This Register ;
+---------------+---------------------------+----------------------------------------+
; i2c_addr[2]   ; Stuck at VCC              ; i2c_master:i2c_master_inst|addr_rw[3]  ;
;               ; due to stuck port data_in ;                                        ;
; i2c_addr[0]   ; Stuck at GND              ; i2c_master:i2c_master_inst|addr_rw[1]  ;
;               ; due to stuck port data_in ;                                        ;
+---------------+---------------------------+----------------------------------------+


+------------------------------------------------------+
; General Register Statistics                          ;
+----------------------------------------------+-------+
; Statistic                                    ; Value ;
+----------------------------------------------+-------+
; Total registers                              ; 64    ;
; Number of registers using Synchronous Clear  ; 0     ;
; Number of registers using Synchronous Load   ; 0     ;
; Number of registers using Asynchronous Clear ; 23    ;
; Number of registers using Asynchronous Load  ; 0     ;
; Number of registers using Clock Enable       ; 19    ;
; Number of registers using Preset             ; 0     ;
+----------------------------------------------+-------+


+--------------------------------------------------+
; Inverted Register Statistics                     ;
+----------------------------------------+---------+
; Inverted Register                      ; Fan out ;
+----------------------------------------+---------+
; i2c_master:i2c_master_inst|sda_int     ; 2       ;
; i2c_master:i2c_master_inst|bit_cnt[2]  ; 10      ;
; i2c_master:i2c_master_inst|bit_cnt[1]  ; 11      ;
; i2c_master:i2c_master_inst|bit_cnt[0]  ; 12      ;
; i2c_master:i2c_master_inst|busy        ; 4       ;
; Total number of inverted registers = 5 ;         ;
+----------------------------------------+---------+


+--------------------------------------------------------------------------------------------------------------------------------------------------------------------+
; Multiplexer Restructuring Statistics (Restructuring Performed)                                                                                                     ;
+--------------------+-----------+---------------+----------------------+------------------------+------------+------------------------------------------------------+
; Multiplexer Inputs ; Bus Width ; Baseline Area ; Area if Restructured ; Saving if Restructured ; Registered ; Example Multiplexer Output                           ;
+--------------------+-----------+---------------+----------------------+------------------------+------------+------------------------------------------------------+
; 3:1                ; 2 bits    ; 4 LEs         ; 0 LEs                ; 4 LEs                  ; Yes        ; |accelerometer|i2c_master:i2c_master_inst|data_tx[2] ;
; 3:1                ; 32 bits   ; 64 LEs        ; 32 LEs               ; 32 LEs                 ; Yes        ; |accelerometer|\fsm:busy_cnt[3]                      ;
; 3:1                ; 3 bits    ; 6 LEs         ; 3 LEs                ; 3 LEs                  ; Yes        ; |accelerometer|i2c_master:i2c_master_inst|bit_cnt[0] ;
; 4:1                ; 3 bits    ; 6 LEs         ; 3 LEs                ; 3 LEs                  ; No         ; |accelerometer|current_state                         ;
+--------------------+-----------+---------------+----------------------+------------------------+------------+------------------------------------------------------+


+-------------------------------------------------------------------------+
; Parameter Settings for User Entity Instance: i2c_master:i2c_master_inst ;
+----------------+----------+---------------------------------------------+
; Parameter Name ; Value    ; Type                                        ;
+----------------+----------+---------------------------------------------+
; input_clk      ; 50000000 ; Signed Integer                              ;
; bus_clk        ; 400000   ; Signed Integer                              ;
+----------------+----------+---------------------------------------------+
Note: In order to hide this table in the UI and the text report file, please set the "Show Parameter Settings in Synthesis Report" option in "Analysis and Synthesis Settings -> More Settings" to "Off".


+---------------------------------------------------------------------------------------------------------------------+
; Port Connectivity Checks: "i2c_master:i2c_master_inst"                                                              ;
+-----------+--------+----------+-------------------------------------------------------------------------------------+
; Port      ; Type   ; Severity ; Details                                                                             ;
+-----------+--------+----------+-------------------------------------------------------------------------------------+
; data_rd   ; Output ; Info     ; Connected to dangling logic. Logic that only feeds a dangling port will be removed. ;
; ack_error ; Output ; Info     ; Connected to dangling logic. Logic that only feeds a dangling port will be removed. ;
+-----------+--------+----------+-------------------------------------------------------------------------------------+


+-------------------------------+
; Elapsed Time Per Partition    ;
+----------------+--------------+
; Partition Name ; Elapsed Time ;
+----------------+--------------+
; Top            ; 00:00:00     ;
+----------------+--------------+


+-------------------------------+
; Analysis & Synthesis Messages ;
+-------------------------------+
Info: *******************************************************************
Info: Running Quartus II 32-bit Analysis & Synthesis
    Info: Version 13.0.1 Build 232 06/12/2013 Service Pack 1 SJ Web Edition
    Info: Processing started: Sun Apr 23 19:53:00 2023
Info: Command: quartus_map --read_settings_files=on --write_settings_files=off CubeSat -c CubeSat
Warning (20028): Parallel compilation is not licensed and has been disabled
Info (12021): Found 2 design units, including 1 entities, in source file /users/jaysb/desktop/projets/cesi/cours/cubesat/sources/component_drivers/altimeter.vhd
    Info (12022): Found design unit 1: altimeter-rtl
    Info (12023): Found entity 1: altimeter
Info (12021): Found 2 design units, including 1 entities, in source file /users/jaysb/desktop/projets/cesi/cours/cubesat/sources/com_bus/i2c_master.vhd
    Info (12022): Found design unit 1: i2c_master-logic
    Info (12023): Found entity 1: i2c_master
Info (12021): Found 2 design units, including 1 entities, in source file /users/jaysb/desktop/projets/cesi/cours/cubesat/sources/component_drivers/accelerometer.vhd
    Info (12022): Found design unit 1: accelerometer-rtl
    Info (12023): Found entity 1: accelerometer
Info (12127): Elaborating entity "accelerometer" for the top level hierarchy
Warning (10540): VHDL Signal Declaration warning at accelerometer.vhd(46): used explicit default value for signal "get_data_done" because signal was never assigned a value
Info (12128): Elaborating entity "i2c_master" for hierarchy "i2c_master:i2c_master_inst"
Info (13000): Registers with preset signals will power-up high
Info (13003): DEV_CLRn pin will set, and not reset, register with preset signal due to NOT Gate Push-Back
Warning (13024): Output pins are stuck at VCC or GND
    Warning (13410): Pin "accel_data[0]" is stuck at GND
    Warning (13410): Pin "accel_data[1]" is stuck at GND
    Warning (13410): Pin "accel_data[2]" is stuck at GND
    Warning (13410): Pin "accel_data[3]" is stuck at GND
    Warning (13410): Pin "accel_data[4]" is stuck at GND
    Warning (13410): Pin "accel_data[5]" is stuck at GND
    Warning (13410): Pin "accel_data[6]" is stuck at GND
    Warning (13410): Pin "accel_data[7]" is stuck at GND
    Warning (13410): Pin "accel_data[8]" is stuck at GND
    Warning (13410): Pin "accel_data[9]" is stuck at GND
    Warning (13410): Pin "accel_data[10]" is stuck at GND
    Warning (13410): Pin "accel_data[11]" is stuck at GND
    Warning (13410): Pin "accel_data[12]" is stuck at GND
    Warning (13410): Pin "accel_data[13]" is stuck at GND
    Warning (13410): Pin "accel_data[14]" is stuck at GND
    Warning (13410): Pin "accel_data[15]" is stuck at GND
Info (17049): 3 registers lost all their fanouts during netlist optimizations.
Info (16010): Generating hard_block partition "hard_block:auto_generated_inst"
    Info (16011): Adding 0 node(s), including 0 DDIO, 0 PLL, 0 transceiver and 0 LCELL
Warning (21074): Design contains 1 input pin(s) that do not drive logic
    Warning (15610): No output dependent on input pin "ask_for_position"
Info (21057): Implemented 189 device resources after synthesis - the final resource count might be different
    Info (21058): Implemented 3 input pins
    Info (21059): Implemented 16 output pins
    Info (21060): Implemented 2 bidirectional pins
    Info (21061): Implemented 168 logic cells
Info: Quartus II 32-bit Analysis & Synthesis was successful. 0 errors, 21 warnings
    Info: Peak virtual memory: 405 megabytes
    Info: Processing ended: Sun Apr 23 19:53:02 2023
    Info: Elapsed time: 00:00:02
    Info: Total CPU time (on all processors): 00:00:02


